<?xml version="1.0" encoding="UTF-8"?>
<testsuite name="com.g0301.controller.state.MenuControllerTest" tests="4" skipped="0" failures="0" errors="0" timestamp="2022-01-30T00:59:09" hostname="LAPTOP-MMID7QH8" time="0.341">
  <properties/>
  <testcase name="test step method" classname="com.g0301.controller.state.MenuControllerTest" time="0.314"/>
  <testcase name="test getNextState when selected index is 0" classname="com.g0301.controller.state.MenuControllerTest" time="0.025"/>
  <testcase name="test getNextState when selected index is 1" classname="com.g0301.controller.state.MenuControllerTest" time="0.001"/>
  <testcase name="test getNextState when selected index is 2" classname="com.g0301.controller.state.MenuControllerTest" time="0.0"/>
  <system-out><![CDATA[]]></system-out>
  <system-err><![CDATA[]]></system-err>
</testsuite>
