<?xml version="1.0" encoding="UTF-8"?>
<testsuite name="com.g0301.state.MenuTest" tests="2" skipped="0" failures="0" errors="0" timestamp="2022-01-30T00:59:10" hostname="LAPTOP-MMID7QH8" time="0.002">
  <properties/>
  <testcase name="Testing Menu Next Button" classname="com.g0301.state.MenuTest" time="0.001"/>
  <testcase name="Testing Menu Previous Button" classname="com.g0301.state.MenuTest" time="0.001"/>
  <system-out><![CDATA[]]></system-out>
  <system-err><![CDATA[]]></system-err>
</testsuite>
