<?xml version="1.0" encoding="UTF-8"?>
<testsuite name="com.g0301.controller.state.MenuControllerTest" tests="4" skipped="0" failures="0" errors="0" timestamp="2022-01-29T23:52:33" hostname="LAPTOP-MMID7QH8" time="0.545">
  <properties/>
  <testcase name="test step method" classname="com.g0301.controller.state.MenuControllerTest" time="0.505"/>
  <testcase name="test getNextState when selected index is 0" classname="com.g0301.controller.state.MenuControllerTest" time="0.037"/>
  <testcase name="test getNextState when selected index is 1" classname="com.g0301.controller.state.MenuControllerTest" time="0.002"/>
  <testcase name="test getNextState when selected index is 2" classname="com.g0301.controller.state.MenuControllerTest" time="0.001"/>
  <system-out><![CDATA[]]></system-out>
  <system-err><![CDATA[]]></system-err>
</testsuite>
